# JRE version: OpenJDK Runtime Environment Temurin-17.0.7+7 (17.0.7+7) (build 17.0.7+7)
# Java VM: OpenJDK 64-Bit Server VM Temurin-17.0.7+7 (17.0.7+7, mixed mode, tiered, compressed oops, compressed class ptrs, parallel gc, windows-amd64)
GC Precious Log:
 CPUs: 8 total, 8 available
 Memory: 16236M
 Large Page Support: Disabled
 NUMA Support: Disabled
 Compressed Oops: Enabled (32-bit)
 Alignments: Space 512K, Generation 512K, Heap 2M
 Heap Min Capacity: 100M
 Heap Initial Capacity: 100M
 Heap Max Capacity: 1G
 Pre-touch: Disabled
 Parallel Workers: 8
Heap:
 PSYoungGen      total 4608K, used 1825K [0x00000000eab00000, 0x00000000eb100000, 0x0000000100000000)
  eden space 3584K, 29% used [0x00000000eab00000,0x00000000eac04370,0x00000000eae80000)
  from space 1024K, 76% used [0x00000000eae80000,0x00000000eaf440f8,0x00000000eaf80000)
  to   space 1024K, 0% used [0x00000000eb000000,0x00000000eb000000,0x00000000eb100000)
 ParOldGen       total 143872K, used 133060K [0x00000000c0000000, 0x00000000c8c80000, 0x00000000eab00000)
  object space 143872K, 92% used [0x00000000c0000000,0x00000000c81f1370,0x00000000c8c80000)
 Metaspace       used 94124K, committed 95104K, reserved 1179648K
  class space    used 9148K, committed 9600K, reserved 1048576K
GC Heap History (20 events):
Event: 13812.531 GC heap before
{Heap before GC invocations=23043 (full 472):
 PSYoungGen      total 4608K, used 4568K [0x00000000eab00000, 0x00000000eb280000, 0x0000000100000000)
  eden space 2560K, 99% used [0x00000000eab00000,0x00000000ead7a698,0x00000000ead80000)
  from space 2048K, 99% used [0x00000000ead80000,0x00000000eaf7b9b8,0x00000000eaf80000)
  to   space 2560K, 0% used [0x00000000eb000000,0x00000000eb000000,0x00000000eb280000)
 ParOldGen       total 143872K, used 128047K [0x00000000c0000000, 0x00000000c8c80000, 0x00000000eab00000)
  object space 143872K, 89% used [0x00000000c0000000,0x00000000c7d0bfa0,0x00000000c8c80000)
 Metaspace       used 94108K, committed 95104K, reserved 1179648K
  class space    used 9148K, committed 9600K, reserved 1048576K
}
Event: 13812.532 GC heap after
{Heap after GC invocations=23043 (full 472):
 PSYoungGen      total 4096K, used 2536K [0x00000000eab00000, 0x00000000eb480000, 0x0000000100000000)
  eden space 1536K, 0% used [0x00000000eab00000,0x00000000eab00000,0x00000000eac80000)
  from space 2560K, 99% used [0x00000000eb000000,0x00000000eb27a090,0x00000000eb280000)
  to   space 3584K, 0% used [0x00000000eac80000,0x00000000eac80000,0x00000000eb000000)
 ParOldGen       total 143872K, used 128467K [0x00000000c0000000, 0x00000000c8c80000, 0x00000000eab00000)
  object space 143872K, 89% used [0x00000000c0000000,0x00000000c7d74d88,0x00000000c8c80000)
 Metaspace       used 94108K, committed 95104K, reserved 1179648K
  class space    used 9148K, committed 9600K, reserved 1048576K
}
Event: 13815.264 GC heap before
{Heap before GC invocations=23044 (full 472):
 PSYoungGen      total 4096K, used 4072K [0x00000000eab00000, 0x00000000eb480000, 0x0000000100000000)
  eden space 1536K, 100% used [0x00000000eab00000,0x00000000eac80000,0x00000000eac80000)
  from space 2560K, 99% used [0x00000000eb000000,0x00000000eb27a090,0x00000000eb280000)
  to   space 3584K, 0% used [0x00000000eac80000,0x00000000eac80000,0x00000000eb000000)
 ParOldGen       total 143872K, used 128467K [0x00000000c0000000, 0x00000000c8c80000, 0x00000000eab00000)
  object space 143872K, 89% used [0x00000000c0000000,0x00000000c7d74d88,0x00000000c8c80000)
 Metaspace       used 94108K, committed 95104K, reserved 1179648K
  class space    used 9148K, committed 9600K, reserved 1048576K
}
Event: 13815.268 GC heap after
{Heap after GC invocations=23044 (full 472):
 PSYoungGen      total 4096K, used 2062K [0x00000000eab00000, 0x00000000eb180000, 0x0000000100000000)
  eden space 1536K, 0% used [0x00000000eab00000,0x00000000eab00000,0x00000000eac80000)
  from space 2560K, 80% used [0x00000000eac80000,0x00000000eae838a8,0x00000000eaf00000)
  to   space 2560K, 0% used [0x00000000eaf00000,0x00000000eaf00000,0x00000000eb180000)
 ParOldGen       total 143872K, used 128667K [0x00000000c0000000, 0x00000000c8c80000, 0x00000000eab00000)
  object space 143872K, 89% used [0x00000000c0000000,0x00000000c7da6e88,0x00000000c8c80000)
 Metaspace       used 94108K, committed 95104K, reserved 1179648K
  class space    used 9148K, committed 9600K, reserved 1048576K
}
Event: 13815.280 GC heap before
{Heap before GC invocations=23045 (full 472):
 PSYoungGen      total 4096K, used 3598K [0x00000000eab00000, 0x00000000eb180000, 0x0000000100000000)
  eden space 1536K, 99% used [0x00000000eab00000,0x00000000eac7fff0,0x00000000eac80000)
  from space 2560K, 80% used [0x00000000eac80000,0x00000000eae838a8,0x00000000eaf00000)
  to   space 2560K, 0% used [0x00000000eaf00000,0x00000000eaf00000,0x00000000eb180000)
 ParOldGen       total 143872K, used 128667K [0x00000000c0000000, 0x00000000c8c80000, 0x00000000eab00000)
  object space 143872K, 89% used [0x00000000c0000000,0x00000000c7da6e88,0x00000000c8c80000)
 Metaspace       used 94108K, committed 95104K, reserved 1179648K
  class space    used 9148K, committed 9600K, reserved 1048576K
}
Event: 13815.283 GC heap after
{Heap after GC invocations=23045 (full 472):
 PSYoungGen      total 3584K, used 2558K [0x00000000eab00000, 0x00000000eb280000, 0x0000000100000000)
  eden space 1024K, 0% used [0x00000000eab00000,0x00000000eab00000,0x00000000eac00000)
  from space 2560K, 99% used [0x00000000eaf00000,0x00000000eb17f8b8,0x00000000eb180000)
  to   space 3072K, 0% used [0x00000000eac00000,0x00000000eac00000,0x00000000eaf00000)
 ParOldGen       total 143872K, used 128699K [0x00000000c0000000, 0x00000000c8c80000, 0x00000000eab00000)
  object space 143872K, 89% used [0x00000000c0000000,0x00000000c7daee88,0x00000000c8c80000)
 Metaspace       used 94108K, committed 95104K, reserved 1179648K
  class space    used 9148K, committed 9600K, reserved 1048576K
}
Event: 13815.285 GC heap before
{Heap before GC invocations=23046 (full 472):
 PSYoungGen      total 3584K, used 3516K [0x00000000eab00000, 0x00000000eb280000, 0x0000000100000000)
  eden space 1024K, 93% used [0x00000000eab00000,0x00000000eabefa70,0x00000000eac00000)
  from space 2560K, 99% used [0x00000000eaf00000,0x00000000eb17f8b8,0x00000000eb180000)
  to   space 3072K, 0% used [0x00000000eac00000,0x00000000eac00000,0x00000000eaf00000)
 ParOldGen       total 143872K, used 128699K [0x00000000c0000000, 0x00000000c8c80000, 0x00000000eab00000)
  object space 143872K, 89% used [0x00000000c0000000,0x00000000c7daee88,0x00000000c8c80000)
 Metaspace       used 94108K, committed 95104K, reserved 1179648K
  class space    used 9148K, committed 9600K, reserved 1048576K
}
Event: 13815.288 GC heap after
{Heap after GC invocations=23046 (full 472):
 PSYoungGen      total 4096K, used 2526K [0x00000000eab00000, 0x00000000eb180000, 0x0000000100000000)
  eden space 1024K, 0% used [0x00000000eab00000,0x00000000eab00000,0x00000000eac00000)
  from space 3072K, 82% used [0x00000000eac00000,0x00000000eae77bd8,0x00000000eaf00000)
  to   space 2560K, 0% used [0x00000000eaf00000,0x00000000eaf00000,0x00000000eb180000)
 ParOldGen       total 143872K, used 129640K [0x00000000c0000000, 0x00000000c8c80000, 0x00000000eab00000)
  object space 143872K, 90% used [0x00000000c0000000,0x00000000c7e9a368,0x00000000c8c80000)
 Metaspace       used 94108K, committed 95104K, reserved 1179648K
  class space    used 9148K, committed 9600K, reserved 1048576K
}
Event: 13815.290 GC heap before
{Heap before GC invocations=23047 (full 472):
 PSYoungGen      total 4096K, used 3241K [0x00000000eab00000, 0x00000000eb180000, 0x0000000100000000)
  eden space 1024K, 69% used [0x00000000eab00000,0x00000000eabb2930,0x00000000eac00000)
  from space 3072K, 82% used [0x00000000eac00000,0x00000000eae77bd8,0x00000000eaf00000)
  to   space 2560K, 0% used [0x00000000eaf00000,0x00000000eaf00000,0x00000000eb180000)
 ParOldGen       total 143872K, used 129640K [0x00000000c0000000, 0x00000000c8c80000, 0x00000000eab00000)
  object space 143872K, 90% used [0x00000000c0000000,0x00000000c7e9a368,0x00000000c8c80000)
 Metaspace       used 94108K, committed 95104K, reserved 1179648K
  class space    used 9148K, committed 9600K, reserved 1048576K
}
Event: 13815.293 GC heap after
{Heap after GC invocations=23047 (full 472):
 PSYoungGen      total 4096K, used 2407K [0x00000000eab00000, 0x00000000eb180000, 0x0000000100000000)
  eden space 1536K, 0% used [0x00000000eab00000,0x00000000eab00000,0x00000000eac80000)
  from space 2560K, 94% used [0x00000000eaf00000,0x00000000eb159d60,0x00000000eb180000)
  to   space 2560K, 0% used [0x00000000eac80000,0x00000000eac80000,0x00000000eaf00000)
 ParOldGen       total 143872K, used 130096K [0x00000000c0000000, 0x00000000c8c80000, 0x00000000eab00000)
  object space 143872K, 90% used [0x00000000c0000000,0x00000000c7f0c098,0x00000000c8c80000)
 Metaspace       used 94108K, committed 95104K, reserved 1179648K
  class space    used 9148K, committed 9600K, reserved 1048576K
}
Event: 13815.298 GC heap before
{Heap before GC invocations=23048 (full 472):
 PSYoungGen      total 4096K, used 3935K [0x00000000eab00000, 0x00000000eb180000, 0x0000000100000000)
  eden space 1536K, 99% used [0x00000000eab00000,0x00000000eac7e170,0x00000000eac80000)
  from space 2560K, 94% used [0x00000000eaf00000,0x00000000eb159d60,0x00000000eb180000)
  to   space 2560K, 0% used [0x00000000eac80000,0x00000000eac80000,0x00000000eaf00000)
 ParOldGen       total 143872K, used 130096K [0x00000000c0000000, 0x00000000c8c80000, 0x00000000eab00000)
  object space 143872K, 90% used [0x00000000c0000000,0x00000000c7f0c098,0x00000000c8c80000)
 Metaspace       used 94108K, committed 95104K, reserved 1179648K
  class space    used 9148K, committed 9600K, reserved 1048576K
}
Event: 13815.299 GC heap after
{Heap after GC invocations=23048 (full 472):
 PSYoungGen      total 4096K, used 2530K [0x00000000eab00000, 0x00000000eb300000, 0x0000000100000000)
  eden space 1536K, 0% used [0x00000000eab00000,0x00000000eab00000,0x00000000eac80000)
  from space 2560K, 98% used [0x00000000eac80000,0x00000000eaef8a08,0x00000000eaf00000)
  to   space 3072K, 0% used [0x00000000eb000000,0x00000000eb000000,0x00000000eb300000)
 ParOldGen       total 143872K, used 130112K [0x00000000c0000000, 0x00000000c8c80000, 0x00000000eab00000)
  object space 143872K, 90% used [0x00000000c0000000,0x00000000c7f10098,0x00000000c8c80000)
 Metaspace       used 94108K, committed 95104K, reserved 1179648K
  class space    used 9148K, committed 9600K, reserved 1048576K
}
Event: 13815.306 GC heap before
{Heap before GC invocations=23049 (full 472):
 PSYoungGen      total 4096K, used 4066K [0x00000000eab00000, 0x00000000eb300000, 0x0000000100000000)
  eden space 1536K, 100% used [0x00000000eab00000,0x00000000eac80000,0x00000000eac80000)
  from space 2560K, 98% used [0x00000000eac80000,0x00000000eaef8a08,0x00000000eaf00000)
  to   space 3072K, 0% used [0x00000000eb000000,0x00000000eb000000,0x00000000eb300000)
 ParOldGen       total 143872K, used 130992K [0x00000000c0000000, 0x00000000c8c80000, 0x00000000eab00000)
  object space 143872K, 91% used [0x00000000c0000000,0x00000000c7fec3c8,0x00000000c8c80000)
 Metaspace       used 94108K, committed 95104K, reserved 1179648K
  class space    used 9148K, committed 9600K, reserved 1048576K
}
Event: 13815.307 GC heap after
{Heap after GC invocations=23049 (full 472):
 PSYoungGen      total 2560K, used 391K [0x00000000eab00000, 0x00000000eb080000, 0x0000000100000000)
  eden space 2048K, 0% used [0x00000000eab00000,0x00000000eab00000,0x00000000ead00000)
  from space 512K, 76% used [0x00000000eb000000,0x00000000eb061fe0,0x00000000eb080000)
  to   space 1536K, 0% used [0x00000000ead80000,0x00000000ead80000,0x00000000eaf00000)
 ParOldGen       total 143872K, used 132060K [0x00000000c0000000, 0x00000000c8c80000, 0x00000000eab00000)
  object space 143872K, 91% used [0x00000000c0000000,0x00000000c80f7040,0x00000000c8c80000)
 Metaspace       used 94108K, committed 95104K, reserved 1179648K
  class space    used 9148K, committed 9600K, reserved 1048576K
}
Event: 13815.313 GC heap before
{Heap before GC invocations=23050 (full 472):
 PSYoungGen      total 2560K, used 2422K [0x00000000eab00000, 0x00000000eb080000, 0x0000000100000000)
  eden space 2048K, 99% used [0x00000000eab00000,0x00000000eacfb9f0,0x00000000ead00000)
  from space 512K, 76% used [0x00000000eb000000,0x00000000eb061fe0,0x00000000eb080000)
  to   space 1536K, 0% used [0x00000000ead80000,0x00000000ead80000,0x00000000eaf00000)
 ParOldGen       total 143872K, used 132060K [0x00000000c0000000, 0x00000000c8c80000, 0x00000000eab00000)
  object space 143872K, 91% used [0x00000000c0000000,0x00000000c80f7040,0x00000000c8c80000)
 Metaspace       used 94108K, committed 95104K, reserved 1179648K
  class space    used 9148K, committed 9600K, reserved 1048576K
}
Event: 13815.314 GC heap after
{Heap after GC invocations=23050 (full 472):
 PSYoungGen      total 4096K, used 556K [0x00000000eab00000, 0x00000000eb080000, 0x0000000100000000)
  eden space 2560K, 0% used [0x00000000eab00000,0x00000000eab00000,0x00000000ead80000)
  from space 1536K, 36% used [0x00000000ead80000,0x00000000eae0b1b0,0x00000000eaf00000)
  to   space 1024K, 0% used [0x00000000eaf80000,0x00000000eaf80000,0x00000000eb080000)
 ParOldGen       total 143872K, used 132108K [0x00000000c0000000, 0x00000000c8c80000, 0x00000000eab00000)
  object space 143872K, 91% used [0x00000000c0000000,0x00000000c8103040,0x00000000c8c80000)
 Metaspace       used 94108K, committed 95104K, reserved 1179648K
  class space    used 9148K, committed 9600K, reserved 1048576K
}
Event: 13815.321 GC heap before
{Heap before GC invocations=23051 (full 472):
 PSYoungGen      total 4096K, used 3015K [0x00000000eab00000, 0x00000000eb080000, 0x0000000100000000)
  eden space 2560K, 96% used [0x00000000eab00000,0x00000000ead66c58,0x00000000ead80000)
  from space 1536K, 36% used [0x00000000ead80000,0x00000000eae0b1b0,0x00000000eaf00000)
  to   space 1024K, 0% used [0x00000000eaf80000,0x00000000eaf80000,0x00000000eb080000)
 ParOldGen       total 143872K, used 132108K [0x00000000c0000000, 0x00000000c8c80000, 0x00000000eab00000)
  object space 143872K, 91% used [0x00000000c0000000,0x00000000c8103040,0x00000000c8c80000)
 Metaspace       used 94108K, committed 95104K, reserved 1179648K
  class space    used 9148K, committed 9600K, reserved 1048576K
}
Event: 13815.321 GC heap after
{Heap after GC invocations=23051 (full 472):
 PSYoungGen      total 4096K, used 758K [0x00000000eab00000, 0x00000000eb080000, 0x0000000100000000)
  eden space 3072K, 0% used [0x00000000eab00000,0x00000000eab00000,0x00000000eae00000)
  from space 1024K, 74% used [0x00000000eaf80000,0x00000000eb03d9c8,0x00000000eb080000)
  to   space 1024K, 0% used [0x00000000eae80000,0x00000000eae80000,0x00000000eaf80000)
 ParOldGen       total 143872K, used 133020K [0x00000000c0000000, 0x00000000c8c80000, 0x00000000eab00000)
  object space 143872K, 92% used [0x00000000c0000000,0x00000000c81e7370,0x00000000c8c80000)
 Metaspace       used 94108K, committed 95104K, reserved 1179648K
  class space    used 9148K, committed 9600K, reserved 1048576K
}
Event: 13815.329 GC heap before
{Heap before GC invocations=23052 (full 472):
 PSYoungGen      total 4096K, used 3826K [0x00000000eab00000, 0x00000000eb080000, 0x0000000100000000)
  eden space 3072K, 99% used [0x00000000eab00000,0x00000000eadff190,0x00000000eae00000)
  from space 1024K, 74% used [0x00000000eaf80000,0x00000000eb03d9c8,0x00000000eb080000)
  to   space 1024K, 0% used [0x00000000eae80000,0x00000000eae80000,0x00000000eaf80000)
 ParOldGen       total 143872K, used 133020K [0x00000000c0000000, 0x00000000c8c80000, 0x00000000eab00000)
  object space 143872K, 92% used [0x00000000c0000000,0x00000000c81e7370,0x00000000c8c80000)
 Metaspace       used 94108K, committed 95104K, reserved 1179648K
  class space    used 9148K, committed 9600K, reserved 1048576K
}
Event: 13815.330 GC heap after
{Heap after GC invocations=23052 (full 472):
 PSYoungGen      total 4608K, used 784K [0x00000000eab00000, 0x00000000eb100000, 0x0000000100000000)
  eden space 3584K, 0% used [0x00000000eab00000,0x00000000eab00000,0x00000000eae80000)
  from space 1024K, 76% used [0x00000000eae80000,0x00000000eaf440f8,0x00000000eaf80000)
  to   space 1024K, 0% used [0x00000000eb000000,0x00000000eb000000,0x00000000eb100000)
 ParOldGen       total 143872K, used 133060K [0x00000000c0000000, 0x00000000c8c80000, 0x00000000eab00000)
  object space 143872K, 92% used [0x00000000c0000000,0x00000000c81f1370,0x00000000c8c80000)
 Metaspace       used 94108K, committed 95104K, reserved 1179648K
  class space    used 9148K, committed 9600K, reserved 1048576K
}

